2025-12-04T05:27:18+00:00 DEBUG #9818 - [New Request] GET /simhachalam/wp-admin/plugins.php
2025-12-04T05:27:18+00:00 DEBUG #9818 - Webhook lock acquired for 'unregister'.
2025-12-04T05:27:18+00:00 DEBUG #9818 - Webhook operation 'unregister' started.
2025-12-04T05:27:20+00:00 DEBUG #9818 - GET https://api.woocommerce.com/integrations/ppc/v1/notifications/webhooks
Response: Array
(
    [code] => 404
    [message] => Not Found
)

Response Body: {"statusCode":404,"error":"Not Found","message":"Not Found"}

2025-12-04T05:27:20+00:00 ERROR #9818 - Failed to delete webhooks: [Error] Not Found
2025-12-04T05:27:20+00:00 INFO #9818 - Webhooks deleted.
2025-12-04T05:27:20+00:00 DEBUG #9818 - Webhook lock released for 'unregister'.
2025-12-04T05:27:41+00:00 DEBUG #3549 - [New Request] GET /simhachalam/wp-admin/plugins.php
2025-12-04T05:27:41+00:00 DEBUG #3549 - Webhook lock acquired for 'unregister'.
2025-12-04T05:27:41+00:00 DEBUG #3549 - Webhook operation 'unregister' started.
2025-12-04T05:27:42+00:00 DEBUG #3549 - GET https://api.woocommerce.com/integrations/ppc/v1/notifications/webhooks
Response: Array
(
    [code] => 404
    [message] => Not Found
)

Response Body: {"statusCode":404,"error":"Not Found","message":"Not Found"}

2025-12-04T05:27:42+00:00 ERROR #3549 - Failed to delete webhooks: [Error] Not Found
2025-12-04T05:27:42+00:00 INFO #3549 - Webhooks deleted.
2025-12-04T05:27:42+00:00 DEBUG #3549 - Webhook lock released for 'unregister'.
