2025-10-15T05:28:49+00:00 CRITICAL Maximum execution time of 120 seconds exceeded in C:\xampp\htdocs\Simhachalam\wp-content\plugins\the-events-calendar\common\vendor\woocommerce\action-scheduler\classes\abstracts\ActionScheduler_Store.php on line 8

2025-10-15T05:28:49+00:00 CRITICAL Maximum execution time of 120 seconds exceeded in C:\xampp\htdocs\Simhachalam\wp-content\plugins\the-events-calendar\common\vendor\woocommerce\action-scheduler\classes\abstracts\ActionScheduler_Store.php on line 8

2025-10-15T05:29:59+00:00 CRITICAL Maximum execution time of 120 seconds exceeded in C:\xampp\htdocs\Simhachalam\wp-content\plugins\elementor\includes\widgets\icon-list.php on line 4

2025-10-15T05:29:59+00:00 CRITICAL Maximum execution time of 120 seconds exceeded in C:\xampp\htdocs\Simhachalam\wp-content\plugins\elementor\includes\widgets\icon-list.php on line 4

2025-10-15T06:14:52+00:00 CRITICAL Maximum execution time of 120 seconds exceeded in C:\xampp\htdocs\Simhachalam\wp-content\plugins\3d-viewer\vendor\composer\ClassLoader.php on line 429

2025-10-15T06:14:52+00:00 CRITICAL Maximum execution time of 120 seconds exceeded in C:\xampp\htdocs\Simhachalam\wp-content\plugins\3d-viewer\vendor\composer\ClassLoader.php on line 429

2025-10-22T08:38:15+00:00 CRITICAL Maximum execution time of 120 seconds exceeded in C:\xampp\htdocs\Simhachalam\wp-includes\functions.php on line 5433

2025-10-22T08:38:15+00:00 CRITICAL Maximum execution time of 120 seconds exceeded in C:\xampp\htdocs\Simhachalam\wp-includes\functions.php on line 5433

2025-10-26T05:17:00+00:00 CRITICAL Maximum execution time of 120 seconds exceeded in C:\xampp\htdocs\Simhachalam\wp-content\plugins\elementor\includes\controls\select2.php on line 4

2025-10-26T05:17:00+00:00 CRITICAL Maximum execution time of 120 seconds exceeded in C:\xampp\htdocs\Simhachalam\wp-content\plugins\elementor\includes\controls\select2.php on line 4

2025-10-29T07:55:16+00:00 CRITICAL Maximum execution time of 120 seconds exceeded in C:\xampp\htdocs\Simhachalam\wp-content\plugins\the-events-calendar\common\src\Tribe\Debug.php on line 50

2025-10-29T07:55:16+00:00 CRITICAL Maximum execution time of 120 seconds exceeded in C:\xampp\htdocs\Simhachalam\wp-content\plugins\the-events-calendar\common\src\Tribe\Debug.php on line 50

2025-10-29T07:56:29+00:00 CRITICAL Maximum execution time of 120 seconds exceeded in C:\xampp\htdocs\Simhachalam\wp-content\plugins\the-events-calendar\build\js\admin-ignored-events.asset.php on line 1

2025-10-29T07:56:29+00:00 CRITICAL Maximum execution time of 120 seconds exceeded in C:\xampp\htdocs\Simhachalam\wp-content\plugins\the-events-calendar\build\js\admin-ignored-events.asset.php on line 1

2025-10-29T08:08:30+00:00 CRITICAL Maximum execution time of 120 seconds exceeded in C:\xampp\htdocs\Simhachalam\wp-content\plugins\the-events-calendar\common\vendor\woocommerce\action-scheduler\classes\abstracts\ActionScheduler.php on line 243

2025-10-29T08:08:30+00:00 CRITICAL Maximum execution time of 120 seconds exceeded in C:\xampp\htdocs\Simhachalam\wp-content\plugins\the-events-calendar\common\vendor\woocommerce\action-scheduler\classes\abstracts\ActionScheduler.php on line 243

2025-10-31T04:40:02+00:00 CRITICAL Maximum execution time of 120 seconds exceeded in C:\xampp\htdocs\Simhachalam\wp-content\plugins\the-events-calendar\common\src\Common\Configuration\Configuration.php on line 19

2025-10-31T04:40:02+00:00 CRITICAL Maximum execution time of 120 seconds exceeded in C:\xampp\htdocs\Simhachalam\wp-content\plugins\the-events-calendar\common\src\Common\Configuration\Configuration.php on line 19

2025-11-24T06:09:38+00:00 CRITICAL Maximum execution time of 120 seconds exceeded in C:\xampp\htdocs\Simhachalam\wp-content\plugins\elementor\core\base\app.php on line 7

2025-11-24T06:09:38+00:00 CRITICAL Maximum execution time of 120 seconds exceeded in C:\xampp\htdocs\Simhachalam\wp-content\plugins\elementor\core\base\app.php on line 7

